{"numFailedTestSuites":2,"numFailedTests":2,"numPassedTestSuites":10,"numPassedTests":18,"numPendingTestSuites":0,"numPendingTests":0,"numRuntimeErrorTestSuites":1,"numTodoTests":0,"numTotalTestSuites":12,"numTotalTests":20,"openHandles":[],"snapshot":{"added":0,"didUpdate":false,"failure":false,"filesAdded":0,"filesRemoved":0,"filesRemovedList":[],"filesUnmatched":0,"filesUpdated":0,"matched":0,"total":0,"unchecked":0,"uncheckedKeysByFile":[],"unmatched":0,"updated":0},"startTime":1761252025294,"success":false,"testResults":[{"assertionResults":[{"ancestorTitles":[],"duration":94,"failing":false,"failureDetails":[{}],"failureMessages":["Error: useCarrito debe usarse dentro de <ProveedorCarrito>.\n    at useCarrito (C:\\Users\\rdmun\\OneDrive\\Documentos\\react-mil-sabores\\src\\context\\CartContext.jsx:61:19)\n    at NavbarMS (C:\\Users\\rdmun\\OneDrive\\Documentos\\react-mil-sabores\\src\\components\\NavbarMS.jsx:8:52)\n    at renderWithHooks (C:\\Users\\rdmun\\OneDrive\\Documentos\\react-mil-sabores\\node_modules\\react-dom\\cjs\\react-dom.development.js:15486:18)\n    at mountIndeterminateComponent (C:\\Users\\rdmun\\OneDrive\\Documentos\\react-mil-sabores\\node_modules\\react-dom\\cjs\\react-dom.development.js:20103:13)\n    at beginWork (C:\\Users\\rdmun\\OneDrive\\Documentos\\react-mil-sabores\\node_modules\\react-dom\\cjs\\react-dom.development.js:21626:16)\n    at beginWork$1 (C:\\Users\\rdmun\\OneDrive\\Documentos\\react-mil-sabores\\node_modules\\react-dom\\cjs\\react-dom.development.js:27465:14)\n    at performUnitOfWork (C:\\Users\\rdmun\\OneDrive\\Documentos\\react-mil-sabores\\node_modules\\react-dom\\cjs\\react-dom.development.js:26599:12)\n    at workLoopSync (C:\\Users\\rdmun\\OneDrive\\Documentos\\react-mil-sabores\\node_modules\\react-dom\\cjs\\react-dom.development.js:26505:5)\n    at renderRootSync (C:\\Users\\rdmun\\OneDrive\\Documentos\\react-mil-sabores\\node_modules\\react-dom\\cjs\\react-dom.development.js:26473:7)\n    at recoverFromConcurrentError (C:\\Users\\rdmun\\OneDrive\\Documentos\\react-mil-sabores\\node_modules\\react-dom\\cjs\\react-dom.development.js:25889:20)\n    at performConcurrentWorkOnRoot (C:\\Users\\rdmun\\OneDrive\\Documentos\\react-mil-sabores\\node_modules\\react-dom\\cjs\\react-dom.development.js:25789:22)\n    at flushActQueue (C:\\Users\\rdmun\\OneDrive\\Documentos\\react-mil-sabores\\node_modules\\react\\cjs\\react.development.js:2667:24)\n    at act (C:\\Users\\rdmun\\OneDrive\\Documentos\\react-mil-sabores\\node_modules\\react\\cjs\\react.development.js:2582:11)\n    at C:\\Users\\rdmun\\OneDrive\\Documentos\\react-mil-sabores\\node_modules\\@testing-library\\react\\dist\\act-compat.js:47:25\n    at renderRoot (C:\\Users\\rdmun\\OneDrive\\Documentos\\react-mil-sabores\\node_modules\\@testing-library\\react\\dist\\pure.js:190:26)\n    at render (C:\\Users\\rdmun\\OneDrive\\Documentos\\react-mil-sabores\\node_modules\\@testing-library\\react\\dist\\pure.js:292:10)\n    at renderNavbar (C:\\Users\\rdmun\\OneDrive\\Documentos\\react-mil-sabores\\src\\components\\NavbarMS.test.jsx:7:9)\n    at Object.renderNavbar (C:\\Users\\rdmun\\OneDrive\\Documentos\\react-mil-sabores\\src\\components\\NavbarMS.test.jsx:15:3)\n    at Promise.finally.completed (C:\\Users\\rdmun\\OneDrive\\Documentos\\react-mil-sabores\\node_modules\\jest-circus\\build\\jestAdapterInit.js:1557:28)\n    at new Promise (<anonymous>)\n    at callAsyncCircusFn (C:\\Users\\rdmun\\OneDrive\\Documentos\\react-mil-sabores\\node_modules\\jest-circus\\build\\jestAdapterInit.js:1497:10)\n    at _callCircusTest (C:\\Users\\rdmun\\OneDrive\\Documentos\\react-mil-sabores\\node_modules\\jest-circus\\build\\jestAdapterInit.js:1007:40)\n    at processTicksAndRejections (node:internal/process/task_queues:105:5)\n    at _runTest (C:\\Users\\rdmun\\OneDrive\\Documentos\\react-mil-sabores\\node_modules\\jest-circus\\build\\jestAdapterInit.js:947:3)\n    at C:\\Users\\rdmun\\OneDrive\\Documentos\\react-mil-sabores\\node_modules\\jest-circus\\build\\jestAdapterInit.js:849:7\n    at _runTestsForDescribeBlock (C:\\Users\\rdmun\\OneDrive\\Documentos\\react-mil-sabores\\node_modules\\jest-circus\\build\\jestAdapterInit.js:862:11)\n    at run (C:\\Users\\rdmun\\OneDrive\\Documentos\\react-mil-sabores\\node_modules\\jest-circus\\build\\jestAdapterInit.js:761:3)\n    at runAndTransformResultsToJestFormat (C:\\Users\\rdmun\\OneDrive\\Documentos\\react-mil-sabores\\node_modules\\jest-circus\\build\\jestAdapterInit.js:1918:21)\n    at jestAdapter (C:\\Users\\rdmun\\OneDrive\\Documentos\\react-mil-sabores\\node_modules\\jest-circus\\build\\runner.js:101:19)\n    at runTestInternal (C:\\Users\\rdmun\\OneDrive\\Documentos\\react-mil-sabores\\node_modules\\jest-runner\\build\\testWorker.js:275:16)\n    at runTest (C:\\Users\\rdmun\\OneDrive\\Documentos\\react-mil-sabores\\node_modules\\jest-runner\\build\\testWorker.js:343:7)\n    at Object.worker (C:\\Users\\rdmun\\OneDrive\\Documentos\\react-mil-sabores\\node_modules\\jest-runner\\build\\testWorker.js:497:12)"],"fullName":"Navbar muestra la marca y los links principales","invocations":1,"location":null,"numPassingAsserts":0,"retryReasons":[],"startAt":1761252027896,"status":"failed","title":"Navbar muestra la marca y los links principales"},{"ancestorTitles":[],"duration":12,"failing":false,"failureDetails":[{}],"failureMessages":["Error: useCarrito debe usarse dentro de <ProveedorCarrito>.\n    at useCarrito (C:\\Users\\rdmun\\OneDrive\\Documentos\\react-mil-sabores\\src\\context\\CartContext.jsx:61:19)\n    at NavbarMS (C:\\Users\\rdmun\\OneDrive\\Documentos\\react-mil-sabores\\src\\components\\NavbarMS.jsx:8:52)\n    at renderWithHooks (C:\\Users\\rdmun\\OneDrive\\Documentos\\react-mil-sabores\\node_modules\\react-dom\\cjs\\react-dom.development.js:15486:18)\n    at mountIndeterminateComponent (C:\\Users\\rdmun\\OneDrive\\Documentos\\react-mil-sabores\\node_modules\\react-dom\\cjs\\react-dom.development.js:20103:13)\n    at beginWork (C:\\Users\\rdmun\\OneDrive\\Documentos\\react-mil-sabores\\node_modules\\react-dom\\cjs\\react-dom.development.js:21626:16)\n    at beginWork$1 (C:\\Users\\rdmun\\OneDrive\\Documentos\\react-mil-sabores\\node_modules\\react-dom\\cjs\\react-dom.development.js:27465:14)\n    at performUnitOfWork (C:\\Users\\rdmun\\OneDrive\\Documentos\\react-mil-sabores\\node_modules\\react-dom\\cjs\\react-dom.development.js:26599:12)\n    at workLoopSync (C:\\Users\\rdmun\\OneDrive\\Documentos\\react-mil-sabores\\node_modules\\react-dom\\cjs\\react-dom.development.js:26505:5)\n    at renderRootSync (C:\\Users\\rdmun\\OneDrive\\Documentos\\react-mil-sabores\\node_modules\\react-dom\\cjs\\react-dom.development.js:26473:7)\n    at recoverFromConcurrentError (C:\\Users\\rdmun\\OneDrive\\Documentos\\react-mil-sabores\\node_modules\\react-dom\\cjs\\react-dom.development.js:25889:20)\n    at performConcurrentWorkOnRoot (C:\\Users\\rdmun\\OneDrive\\Documentos\\react-mil-sabores\\node_modules\\react-dom\\cjs\\react-dom.development.js:25789:22)\n    at flushActQueue (C:\\Users\\rdmun\\OneDrive\\Documentos\\react-mil-sabores\\node_modules\\react\\cjs\\react.development.js:2667:24)\n    at act (C:\\Users\\rdmun\\OneDrive\\Documentos\\react-mil-sabores\\node_modules\\react\\cjs\\react.development.js:2582:11)\n    at C:\\Users\\rdmun\\OneDrive\\Documentos\\react-mil-sabores\\node_modules\\@testing-library\\react\\dist\\act-compat.js:47:25\n    at renderRoot (C:\\Users\\rdmun\\OneDrive\\Documentos\\react-mil-sabores\\node_modules\\@testing-library\\react\\dist\\pure.js:190:26)\n    at render (C:\\Users\\rdmun\\OneDrive\\Documentos\\react-mil-sabores\\node_modules\\@testing-library\\react\\dist\\pure.js:292:10)\n    at renderNavbar (C:\\Users\\rdmun\\OneDrive\\Documentos\\react-mil-sabores\\src\\components\\NavbarMS.test.jsx:7:9)\n    at Object.renderNavbar (C:\\Users\\rdmun\\OneDrive\\Documentos\\react-mil-sabores\\src\\components\\NavbarMS.test.jsx:30:3)\n    at Promise.finally.completed (C:\\Users\\rdmun\\OneDrive\\Documentos\\react-mil-sabores\\node_modules\\jest-circus\\build\\jestAdapterInit.js:1557:28)\n    at new Promise (<anonymous>)\n    at callAsyncCircusFn (C:\\Users\\rdmun\\OneDrive\\Documentos\\react-mil-sabores\\node_modules\\jest-circus\\build\\jestAdapterInit.js:1497:10)\n    at _callCircusTest (C:\\Users\\rdmun\\OneDrive\\Documentos\\react-mil-sabores\\node_modules\\jest-circus\\build\\jestAdapterInit.js:1007:40)\n    at processTicksAndRejections (node:internal/process/task_queues:105:5)\n    at _runTest (C:\\Users\\rdmun\\OneDrive\\Documentos\\react-mil-sabores\\node_modules\\jest-circus\\build\\jestAdapterInit.js:947:3)\n    at C:\\Users\\rdmun\\OneDrive\\Documentos\\react-mil-sabores\\node_modules\\jest-circus\\build\\jestAdapterInit.js:849:7\n    at _runTestsForDescribeBlock (C:\\Users\\rdmun\\OneDrive\\Documentos\\react-mil-sabores\\node_modules\\jest-circus\\build\\jestAdapterInit.js:862:11)\n    at run (C:\\Users\\rdmun\\OneDrive\\Documentos\\react-mil-sabores\\node_modules\\jest-circus\\build\\jestAdapterInit.js:761:3)\n    at runAndTransformResultsToJestFormat (C:\\Users\\rdmun\\OneDrive\\Documentos\\react-mil-sabores\\node_modules\\jest-circus\\build\\jestAdapterInit.js:1918:21)\n    at jestAdapter (C:\\Users\\rdmun\\OneDrive\\Documentos\\react-mil-sabores\\node_modules\\jest-circus\\build\\runner.js:101:19)\n    at runTestInternal (C:\\Users\\rdmun\\OneDrive\\Documentos\\react-mil-sabores\\node_modules\\jest-runner\\build\\testWorker.js:275:16)\n    at runTest (C:\\Users\\rdmun\\OneDrive\\Documentos\\react-mil-sabores\\node_modules\\jest-runner\\build\\testWorker.js:343:7)\n    at Object.worker (C:\\Users\\rdmun\\OneDrive\\Documentos\\react-mil-sabores\\node_modules\\jest-runner\\build\\testWorker.js:497:12)"],"fullName":"Navbar incluye el botón toggler con atributos de Bootstrap","invocations":1,"location":null,"numPassingAsserts":0,"retryReasons":[],"startAt":1761252027991,"status":"failed","title":"Navbar incluye el botón toggler con atributos de Bootstrap"}],"endTime":1761252028055,"message":"\u001b[1m\u001b[31m  \u001b[1m● \u001b[22m\u001b[1mNavbar muestra la marca y los links principales\u001b[39m\u001b[22m\n\n    useCarrito debe usarse dentro de <ProveedorCarrito>.\n\u001b[2m\u001b[22m\n\u001b[2m    \u001b[0m \u001b[90m 59 |\u001b[39m \u001b[36mexport\u001b[39m \u001b[36mfunction\u001b[39m useCarrito() {\u001b[22m\n\u001b[2m     \u001b[90m 60 |\u001b[39m   \u001b[36mconst\u001b[39m ctx \u001b[33m=\u001b[39m useContext(\u001b[33mCartContext\u001b[39m)\u001b[33m;\u001b[39m\u001b[22m\n\u001b[2m    \u001b[31m\u001b[1m>\u001b[22m\u001b[2m\u001b[39m\u001b[90m 61 |\u001b[39m   \u001b[36mif\u001b[39m (\u001b[33m!\u001b[39mctx) \u001b[36mthrow\u001b[39m \u001b[36mnew\u001b[39m \u001b[33mError\u001b[39m(\u001b[32m'useCarrito debe usarse dentro de <ProveedorCarrito>.'\u001b[39m)\u001b[33m;\u001b[39m\u001b[22m\n\u001b[2m     \u001b[90m    |\u001b[39m                   \u001b[31m\u001b[1m^\u001b[22m\u001b[2m\u001b[39m\u001b[22m\n\u001b[2m     \u001b[90m 62 |\u001b[39m   \u001b[36mreturn\u001b[39m ctx\u001b[33m;\u001b[39m\u001b[22m\n\u001b[2m     \u001b[90m 63 |\u001b[39m }\u001b[22m\n\u001b[2m     \u001b[90m 64 |\u001b[39m\u001b[0m\u001b[22m\n\u001b[2m\u001b[22m\n\u001b[2m      \u001b[2mat useCarrito (\u001b[22m\u001b[2msrc/context/CartContext.jsx\u001b[2m:61:19)\u001b[22m\u001b[2m\u001b[22m\n\u001b[2m      \u001b[2mat NavbarMS (\u001b[22m\u001b[2msrc/components/NavbarMS.jsx\u001b[2m:8:52)\u001b[22m\u001b[2m\u001b[22m\n\u001b[2m      \u001b[2mat renderWithHooks (\u001b[22m\u001b[2mnode_modules/react-dom/cjs/react-dom.development.js\u001b[2m:15486:18)\u001b[22m\u001b[2m\u001b[22m\n\u001b[2m      \u001b[2mat mountIndeterminateComponent (\u001b[22m\u001b[2mnode_modules/react-dom/cjs/react-dom.development.js\u001b[2m:20103:13)\u001b[22m\u001b[2m\u001b[22m\n\u001b[2m      \u001b[2mat beginWork (\u001b[22m\u001b[2mnode_modules/react-dom/cjs/react-dom.development.js\u001b[2m:21626:16)\u001b[22m\u001b[2m\u001b[22m\n\u001b[2m      \u001b[2mat beginWork$1 (\u001b[22m\u001b[2mnode_modules/react-dom/cjs/react-dom.development.js\u001b[2m:27465:14)\u001b[22m\u001b[2m\u001b[22m\n\u001b[2m      \u001b[2mat performUnitOfWork (\u001b[22m\u001b[2mnode_modules/react-dom/cjs/react-dom.development.js\u001b[2m:26599:12)\u001b[22m\u001b[2m\u001b[22m\n\u001b[2m      \u001b[2mat workLoopSync (\u001b[22m\u001b[2mnode_modules/react-dom/cjs/react-dom.development.js\u001b[2m:26505:5)\u001b[22m\u001b[2m\u001b[22m\n\u001b[2m      \u001b[2mat renderRootSync (\u001b[22m\u001b[2mnode_modules/react-dom/cjs/react-dom.development.js\u001b[2m:26473:7)\u001b[22m\u001b[2m\u001b[22m\n\u001b[2m      \u001b[2mat recoverFromConcurrentError (\u001b[22m\u001b[2mnode_modules/react-dom/cjs/react-dom.development.js\u001b[2m:25889:20)\u001b[22m\u001b[2m\u001b[22m\n\u001b[2m      \u001b[2mat performConcurrentWorkOnRoot (\u001b[22m\u001b[2mnode_modules/react-dom/cjs/react-dom.development.js\u001b[2m:25789:22)\u001b[22m\u001b[2m\u001b[22m\n\u001b[2m      \u001b[2mat flushActQueue (\u001b[22m\u001b[2mnode_modules/react/cjs/react.development.js\u001b[2m:2667:24)\u001b[22m\u001b[2m\u001b[22m\n\u001b[2m      \u001b[2mat act (\u001b[22m\u001b[2mnode_modules/react/cjs/react.development.js\u001b[2m:2582:11)\u001b[22m\u001b[2m\u001b[22m\n\u001b[2m      \u001b[2mat \u001b[22m\u001b[2mnode_modules/@testing-library/react/dist/act-compat.js\u001b[2m:47:25\u001b[22m\u001b[2m\u001b[22m\n\u001b[2m      \u001b[2mat renderRoot (\u001b[22m\u001b[2mnode_modules/@testing-library/react/dist/pure.js\u001b[2m:190:26)\u001b[22m\u001b[2m\u001b[22m\n\u001b[2m      \u001b[2mat render (\u001b[22m\u001b[2mnode_modules/@testing-library/react/dist/pure.js\u001b[2m:292:10)\u001b[22m\u001b[2m\u001b[22m\n\u001b[2m      \u001b[2mat renderNavbar (\u001b[22m\u001b[2m\u001b[0m\u001b[36msrc/components/NavbarMS.test.jsx\u001b[39m\u001b[0m\u001b[2m:7:9)\u001b[22m\u001b[2m\u001b[22m\n\u001b[2m      \u001b[2mat Object.renderNavbar (\u001b[22m\u001b[2m\u001b[0m\u001b[36msrc/components/NavbarMS.test.jsx\u001b[39m\u001b[0m\u001b[2m:15:3)\u001b[22m\u001b[2m\u001b[22m\n\n\u001b[1m\u001b[31m  \u001b[1m● \u001b[22m\u001b[1mNavbar incluye el botón toggler con atributos de Bootstrap\u001b[39m\u001b[22m\n\n    useCarrito debe usarse dentro de <ProveedorCarrito>.\n\u001b[2m\u001b[22m\n\u001b[2m    \u001b[0m \u001b[90m 59 |\u001b[39m \u001b[36mexport\u001b[39m \u001b[36mfunction\u001b[39m useCarrito() {\u001b[22m\n\u001b[2m     \u001b[90m 60 |\u001b[39m   \u001b[36mconst\u001b[39m ctx \u001b[33m=\u001b[39m useContext(\u001b[33mCartContext\u001b[39m)\u001b[33m;\u001b[39m\u001b[22m\n\u001b[2m    \u001b[31m\u001b[1m>\u001b[22m\u001b[2m\u001b[39m\u001b[90m 61 |\u001b[39m   \u001b[36mif\u001b[39m (\u001b[33m!\u001b[39mctx) \u001b[36mthrow\u001b[39m \u001b[36mnew\u001b[39m \u001b[33mError\u001b[39m(\u001b[32m'useCarrito debe usarse dentro de <ProveedorCarrito>.'\u001b[39m)\u001b[33m;\u001b[39m\u001b[22m\n\u001b[2m     \u001b[90m    |\u001b[39m                   \u001b[31m\u001b[1m^\u001b[22m\u001b[2m\u001b[39m\u001b[22m\n\u001b[2m     \u001b[90m 62 |\u001b[39m   \u001b[36mreturn\u001b[39m ctx\u001b[33m;\u001b[39m\u001b[22m\n\u001b[2m     \u001b[90m 63 |\u001b[39m }\u001b[22m\n\u001b[2m     \u001b[90m 64 |\u001b[39m\u001b[0m\u001b[22m\n\u001b[2m\u001b[22m\n\u001b[2m      \u001b[2mat useCarrito (\u001b[22m\u001b[2msrc/context/CartContext.jsx\u001b[2m:61:19)\u001b[22m\u001b[2m\u001b[22m\n\u001b[2m      \u001b[2mat NavbarMS (\u001b[22m\u001b[2msrc/components/NavbarMS.jsx\u001b[2m:8:52)\u001b[22m\u001b[2m\u001b[22m\n\u001b[2m      \u001b[2mat renderWithHooks (\u001b[22m\u001b[2mnode_modules/react-dom/cjs/react-dom.development.js\u001b[2m:15486:18)\u001b[22m\u001b[2m\u001b[22m\n\u001b[2m      \u001b[2mat mountIndeterminateComponent (\u001b[22m\u001b[2mnode_modules/react-dom/cjs/react-dom.development.js\u001b[2m:20103:13)\u001b[22m\u001b[2m\u001b[22m\n\u001b[2m      \u001b[2mat beginWork (\u001b[22m\u001b[2mnode_modules/react-dom/cjs/react-dom.development.js\u001b[2m:21626:16)\u001b[22m\u001b[2m\u001b[22m\n\u001b[2m      \u001b[2mat beginWork$1 (\u001b[22m\u001b[2mnode_modules/react-dom/cjs/react-dom.development.js\u001b[2m:27465:14)\u001b[22m\u001b[2m\u001b[22m\n\u001b[2m      \u001b[2mat performUnitOfWork (\u001b[22m\u001b[2mnode_modules/react-dom/cjs/react-dom.development.js\u001b[2m:26599:12)\u001b[22m\u001b[2m\u001b[22m\n\u001b[2m      \u001b[2mat workLoopSync (\u001b[22m\u001b[2mnode_modules/react-dom/cjs/react-dom.development.js\u001b[2m:26505:5)\u001b[22m\u001b[2m\u001b[22m\n\u001b[2m      \u001b[2mat renderRootSync (\u001b[22m\u001b[2mnode_modules/react-dom/cjs/react-dom.development.js\u001b[2m:26473:7)\u001b[22m\u001b[2m\u001b[22m\n\u001b[2m      \u001b[2mat recoverFromConcurrentError (\u001b[22m\u001b[2mnode_modules/react-dom/cjs/react-dom.development.js\u001b[2m:25889:20)\u001b[22m\u001b[2m\u001b[22m\n\u001b[2m      \u001b[2mat performConcurrentWorkOnRoot (\u001b[22m\u001b[2mnode_modules/react-dom/cjs/react-dom.development.js\u001b[2m:25789:22)\u001b[22m\u001b[2m\u001b[22m\n\u001b[2m      \u001b[2mat flushActQueue (\u001b[22m\u001b[2mnode_modules/react/cjs/react.development.js\u001b[2m:2667:24)\u001b[22m\u001b[2m\u001b[22m\n\u001b[2m      \u001b[2mat act (\u001b[22m\u001b[2mnode_modules/react/cjs/react.development.js\u001b[2m:2582:11)\u001b[22m\u001b[2m\u001b[22m\n\u001b[2m      \u001b[2mat \u001b[22m\u001b[2mnode_modules/@testing-library/react/dist/act-compat.js\u001b[2m:47:25\u001b[22m\u001b[2m\u001b[22m\n\u001b[2m      \u001b[2mat renderRoot (\u001b[22m\u001b[2mnode_modules/@testing-library/react/dist/pure.js\u001b[2m:190:26)\u001b[22m\u001b[2m\u001b[22m\n\u001b[2m      \u001b[2mat render (\u001b[22m\u001b[2mnode_modules/@testing-library/react/dist/pure.js\u001b[2m:292:10)\u001b[22m\u001b[2m\u001b[22m\n\u001b[2m      \u001b[2mat renderNavbar (\u001b[22m\u001b[2m\u001b[0m\u001b[36msrc/components/NavbarMS.test.jsx\u001b[39m\u001b[0m\u001b[2m:7:9)\u001b[22m\u001b[2m\u001b[22m\n\u001b[2m      \u001b[2mat Object.renderNavbar (\u001b[22m\u001b[2m\u001b[0m\u001b[36msrc/components/NavbarMS.test.jsx\u001b[39m\u001b[0m\u001b[2m:30:3)\u001b[22m\u001b[2m\u001b[22m\n","name":"C:\\Users\\rdmun\\OneDrive\\Documentos\\react-mil-sabores\\src\\components\\NavbarMS.test.jsx","startTime":1761252026504,"status":"failed","summary":""},{"assertionResults":[{"ancestorTitles":["CheckoutPage - required fields"],"duration":325,"failing":false,"failureDetails":[],"failureMessages":[],"fullName":"CheckoutPage - required fields marca inválidos y muestra mensajes al enviar vacío","invocations":1,"location":null,"numPassingAsserts":8,"retryReasons":[],"startAt":1761252027807,"status":"passed","title":"marca inválidos y muestra mensajes al enviar vacío"}],"endTime":1761252028136,"message":"","name":"C:\\Users\\rdmun\\OneDrive\\Documentos\\react-mil-sabores\\src\\pages\\CheckoutPage.requiredFields.test.jsx","startTime":1761252026559,"status":"passed","summary":""},{"assertionResults":[{"ancestorTitles":[],"duration":137,"failing":false,"failureDetails":[],"failureMessages":[],"fullName":"Carga inicial: muestra skeleton y luego la grilla con productos","invocations":1,"location":null,"numPassingAsserts":5,"retryReasons":[],"startAt":1761252027784,"status":"passed","title":"Carga inicial: muestra skeleton y luego la grilla con productos"},{"ancestorTitles":[],"duration":60,"failing":false,"failureDetails":[],"failureMessages":[],"fullName":"Filtro por categoría: al seleccionar categoría, se reduce la lista","invocations":1,"location":null,"numPassingAsserts":6,"retryReasons":[],"startAt":1761252027922,"status":"passed","title":"Filtro por categoría: al seleccionar categoría, se reduce la lista"},{"ancestorTitles":[],"duration":50,"failing":false,"failureDetails":[],"failureMessages":[],"fullName":"Búsqueda por texto: filtra por name/description (case-insensitive)","invocations":1,"location":null,"numPassingAsserts":6,"retryReasons":[],"startAt":1761252027983,"status":"passed","title":"Búsqueda por texto: filtra por name/description (case-insensitive)"},{"ancestorTitles":[],"duration":71,"failing":false,"failureDetails":[],"failureMessages":[],"fullName":"Empty state: si Supabase retorna [], la grilla queda vacía (sin error)","invocations":1,"location":null,"numPassingAsserts":4,"retryReasons":[],"startAt":1761252028034,"status":"passed","title":"Empty state: si Supabase retorna [], la grilla queda vacía (sin error)"},{"ancestorTitles":[],"duration":72,"failing":false,"failureDetails":[],"failureMessages":[],"fullName":"Error state: si Supabase retorna error, se muestra la alerta","invocations":1,"location":null,"numPassingAsserts":3,"retryReasons":[],"startAt":1761252028105,"status":"passed","title":"Error state: si Supabase retorna error, se muestra la alerta"}],"endTime":1761252028180,"message":"","name":"C:\\Users\\rdmun\\OneDrive\\Documentos\\react-mil-sabores\\src\\pages\\CatalogPage.test.jsx","startTime":1761252026513,"status":"passed","summary":""},{"assertionResults":[{"ancestorTitles":["CheckoutPage - validación de Método de pago"],"duration":376,"failing":false,"failureDetails":[],"failureMessages":[],"fullName":"CheckoutPage - validación de Método de pago bloquea submit y muestra error si no se selecciona método de pago","invocations":1,"location":null,"numPassingAsserts":2,"retryReasons":[],"startAt":1761252027822,"status":"passed","title":"bloquea submit y muestra error si no se selecciona método de pago"}],"endTime":1761252028202,"message":"","name":"C:\\Users\\rdmun\\OneDrive\\Documentos\\react-mil-sabores\\src\\pages\\CheckoutPage.metodoPago.test.jsx","startTime":1761252026521,"status":"passed","summary":""},{"assertionResults":[{"ancestorTitles":["ProductPage - agregar al carrito + localStorage (ms_carrito)"],"duration":256,"failing":false,"failureDetails":[],"failureMessages":[],"fullName":"ProductPage - agregar al carrito + localStorage (ms_carrito) click en \"Agregar\" llama agregarItem y persiste en ms_carrito","invocations":1,"location":null,"numPassingAsserts":6,"retryReasons":[],"startAt":1761252027947,"status":"passed","title":"click en \"Agregar\" llama agregarItem y persiste en ms_carrito"}],"endTime":1761252028206,"message":"","name":"C:\\Users\\rdmun\\OneDrive\\Documentos\\react-mil-sabores\\src\\pages\\ProductPage.addToCart.test.jsx","startTime":1761252026589,"status":"passed","summary":""},{"assertionResults":[{"ancestorTitles":["HomePage - destacados tras skeleton"],"duration":263,"failing":false,"failureDetails":[],"failureMessages":[],"fullName":"HomePage - destacados tras skeleton renderiza la grilla con productos cuando loadingCarga=false","invocations":1,"location":null,"numPassingAsserts":4,"retryReasons":[],"startAt":1761252027979,"status":"passed","title":"renderiza la grilla con productos cuando loadingCarga=false"}],"endTime":1761252028248,"message":"","name":"C:\\Users\\rdmun\\OneDrive\\Documentos\\react-mil-sabores\\src\\pages\\HomePage.destacados.test.jsx","startTime":1761252026567,"status":"passed","summary":""},{"assertionResults":[{"ancestorTitles":[],"duration":8,"failing":false,"failureDetails":[],"failureMessages":[],"fullName":"renderiza sin explotar","invocations":1,"location":null,"numPassingAsserts":1,"retryReasons":[],"startAt":1761252028450,"status":"passed","title":"renderiza sin explotar"}],"endTime":1761252028460,"message":"","name":"C:\\Users\\rdmun\\OneDrive\\Documentos\\react-mil-sabores\\src\\sanity.test.jsx","startTime":1761252028245,"status":"passed","summary":""},{"assertionResults":[{"ancestorTitles":[],"duration":66,"failing":false,"failureDetails":[],"failureMessages":[],"fullName":"agregarItem calcula sub/iva/total y persiste en localStorage (ms_carrito)","invocations":1,"location":null,"numPassingAsserts":6,"retryReasons":[],"startAt":1761252028414,"status":"passed","title":"agregarItem calcula sub/iva/total y persiste en localStorage (ms_carrito)"},{"ancestorTitles":[],"duration":19,"failing":false,"failureDetails":[],"failureMessages":[],"fullName":"removerItem quita por id y por (id + size); vaciar limpia y persiste","invocations":1,"location":null,"numPassingAsserts":4,"retryReasons":[],"startAt":1761252028480,"status":"passed","title":"removerItem quita por id y por (id + size); vaciar limpia y persiste"},{"ancestorTitles":[],"duration":31,"failing":false,"failureDetails":[],"failureMessages":[],"fullName":"useCarrito lanza error si se usa fuera de ProveedorCarrito","invocations":1,"location":null,"numPassingAsserts":1,"retryReasons":[],"startAt":1761252028500,"status":"passed","title":"useCarrito lanza error si se usa fuera de ProveedorCarrito"}],"endTime":1761252028532,"message":"","name":"C:\\Users\\rdmun\\OneDrive\\Documentos\\react-mil-sabores\\src\\context\\CartContext.logic.test.jsx","startTime":1761252028137,"status":"passed","summary":""},{"assertionResults":[{"ancestorTitles":[],"duration":54,"failing":false,"failureDetails":[],"failureMessages":[],"fullName":"muestra \"Cargando…\" y luego renderiza galería + ficha con los props correctos","invocations":1,"location":null,"numPassingAsserts":9,"retryReasons":[],"startAt":1761252028476,"status":"passed","title":"muestra \"Cargando…\" y luego renderiza galería + ficha con los props correctos"},{"ancestorTitles":[],"duration":29,"failing":false,"failureDetails":[],"failureMessages":[],"fullName":"muestra alerta \"Producto no encontrado.\" cuando Supabase retorna null","invocations":1,"location":null,"numPassingAsserts":2,"retryReasons":[],"startAt":1761252028531,"status":"passed","title":"muestra alerta \"Producto no encontrado.\" cuando Supabase retorna null"}],"endTime":1761252028561,"message":"","name":"C:\\Users\\rdmun\\OneDrive\\Documentos\\react-mil-sabores\\src\\pages\\ProductPage.test.jsx","startTime":1761252028253,"status":"passed","summary":""},{"assertionResults":[],"coverage":{},"endTime":1761252028637,"message":"  \u001b[1m● \u001b[22mTest suite failed to run\n\n    ReferenceError: C:\\Users\\rdmun\\OneDrive\\Documentos\\react-mil-sabores\\src\\pages\\CheckoutPage.successFlow.test.jsx: The module factory of `jest.mock()` is not allowed to reference any out-of-scope variables.\n    Invalid variable access: vaciarSpy\n    Allowed objects: AbortController, AbortSignal, AggregateError, Array, ArrayBuffer, Atomics, BigInt, BigInt64Array, BigUint64Array, Blob, Boolean, BroadcastChannel, Buffer, ByteLengthQueuingStrategy, CompressionStream, CountQueuingStrategy, Crypto, CryptoKey, CustomEvent, DOMException, DataView, Date, DecompressionStream, Error, EvalError, Event, EventTarget, File, FinalizationRegistry, Float32Array, Float64Array, FormData, Function, Generator, GeneratorFunction, Headers, Infinity, Int16Array, Int32Array, Int8Array, InternalError, Intl, Iterator, JSON, Map, Math, MessageChannel, MessageEvent, MessagePort, NaN, Navigator, Number, Object, Performance, PerformanceEntry, PerformanceMark, PerformanceMeasure, PerformanceObserver, PerformanceObserverEntryList, PerformanceResourceTiming, Promise, Proxy, RangeError, ReadableByteStreamController, ReadableStream, ReadableStreamBYOBReader, ReadableStreamBYOBRequest, ReadableStreamDefaultController, ReadableStreamDefaultReader, ReferenceError, Reflect, RegExp, Request, Response, Set, SharedArrayBuffer, String, SubtleCrypto, Symbol, SyntaxError, TextDecoder, TextDecoderStream, TextEncoder, TextEncoderStream, TransformStream, TransformStreamDefaultController, TypeError, URIError, URL, URLSearchParams, Uint16Array, Uint32Array, Uint8Array, Uint8ClampedArray, WeakMap, WeakRef, WeakSet, WebAssembly, WebSocket, WritableStream, WritableStreamDefaultController, WritableStreamDefaultWriter, __dirname, __filename, arguments, atob, btoa, clearImmediate, clearInterval, clearTimeout, console, crypto, decodeURI, decodeURIComponent, encodeURI, encodeURIComponent, escape, eval, expect, exports, fetch, global, globalThis, isFinite, isNaN, jest, module, navigator, parseFloat, parseInt, performance, process, queueMicrotask, require, setImmediate, setInterval, setTimeout, structuredClone, undefined, unescape.\n    Note: This is a precaution to guard against uninitialized mock variables. If it is ensured that the mock is required lazily, variable names prefixed with `mock` (case insensitive) are permitted.\n\n    \u001b[0m \u001b[90m 17 |\u001b[39m       \u001b[90m// Debe devolver { sub, iva, total } como en tu contexto real\u001b[39m\n     \u001b[90m 18 |\u001b[39m       obtenerTotales\u001b[33m:\u001b[39m () \u001b[33m=>\u001b[39m ({ sub\u001b[33m:\u001b[39m \u001b[35m4000\u001b[39m\u001b[33m,\u001b[39m iva\u001b[33m:\u001b[39m \u001b[35m760\u001b[39m\u001b[33m,\u001b[39m total\u001b[33m:\u001b[39m \u001b[35m4760\u001b[39m })\u001b[33m,\u001b[39m\n    \u001b[31m\u001b[1m>\u001b[22m\u001b[39m\u001b[90m 19 |\u001b[39m       vaciar\u001b[33m:\u001b[39m vaciarSpy\u001b[33m,\u001b[39m\n     \u001b[90m    |\u001b[39m               \u001b[31m\u001b[1m^\u001b[22m\u001b[39m\u001b[31m\u001b[1m^\u001b[22m\u001b[39m\u001b[31m\u001b[1m^\u001b[22m\u001b[39m\u001b[31m\u001b[1m^\u001b[22m\u001b[39m\u001b[31m\u001b[1m^\u001b[22m\u001b[39m\u001b[31m\u001b[1m^\u001b[22m\u001b[39m\u001b[31m\u001b[1m^\u001b[22m\u001b[39m\u001b[31m\u001b[1m^\u001b[22m\u001b[39m\u001b[31m\u001b[1m^\u001b[22m\u001b[39m\n     \u001b[90m 20 |\u001b[39m     })\u001b[33m,\u001b[39m\n     \u001b[90m 21 |\u001b[39m   }\u001b[33m;\u001b[39m\n     \u001b[90m 22 |\u001b[39m })\u001b[33m;\u001b[39m\u001b[0m\n\n      \u001b[2mat File.buildCodeFrameError (\u001b[22mnode_modules/@babel/core/src/transformation/file/file.ts\u001b[2m:257:12)\u001b[22m\n      \u001b[2mat NodePath.buildError [as buildCodeFrameError] (\u001b[22mnode_modules/@babel/traverse/src/path/index.ts\u001b[2m:157:21)\u001b[22m\n      \u001b[2mat call (\u001b[22mnode_modules/@babel/traverse/src/visitors.ts\u001b[2m:303:14)\u001b[22m\n      \u001b[2mat NodePath.call [as _call] (\u001b[22mnode_modules/@babel/traverse/src/path/context.ts\u001b[2m:36:20)\u001b[22m\n      \u001b[2mat NodePath.call (\u001b[22mnode_modules/@babel/traverse/src/path/context.ts\u001b[2m:21:18)\u001b[22m\n      \u001b[2mat NodePath.call [as visit] (\u001b[22mnode_modules/@babel/traverse/src/path/context.ts\u001b[2m:97:31)\u001b[22m\n      \u001b[2mat TraversalContext.visit [as visitQueue] (\u001b[22mnode_modules/@babel/traverse/src/context.ts\u001b[2m:148:16)\u001b[22m\n      \u001b[2mat TraversalContext.visitQueue [as visitMultiple] (\u001b[22mnode_modules/@babel/traverse/src/context.ts\u001b[2m:99:17)\u001b[22m\n      \u001b[2mat TraversalContext.visitMultiple [as visit] (\u001b[22mnode_modules/@babel/traverse/src/context.ts\u001b[2m:178:19)\u001b[22m\n      \u001b[2mat visit (\u001b[22mnode_modules/@babel/traverse/src/traverse-node.ts\u001b[2m:208:17)\u001b[22m\n      \u001b[2mat NodePath.visit (\u001b[22mnode_modules/@babel/traverse/src/path/context.ts\u001b[2m:104:33)\u001b[22m\n      \u001b[2mat TraversalContext.visit [as visitQueue] (\u001b[22mnode_modules/@babel/traverse/src/context.ts\u001b[2m:148:16)\u001b[22m\n      \u001b[2mat TraversalContext.visitQueue [as visitSingle] (\u001b[22mnode_modules/@babel/traverse/src/context.ts\u001b[2m:109:19)\u001b[22m\n      \u001b[2mat TraversalContext.visitSingle [as visit] (\u001b[22mnode_modules/@babel/traverse/src/context.ts\u001b[2m:180:19)\u001b[22m\n      \u001b[2mat visit (\u001b[22mnode_modules/@babel/traverse/src/traverse-node.ts\u001b[2m:208:17)\u001b[22m\n      \u001b[2mat traverse (\u001b[22mnode_modules/@babel/traverse/src/index.ts\u001b[2m:84:15)\u001b[22m\n      \u001b[2mat transformFile (\u001b[22mnode_modules/@babel/core/src/transformation/index.ts\u001b[2m:119:15)\u001b[22m\n          at transformFile.next (<anonymous>)\n      \u001b[2mat transformFile (\u001b[22mnode_modules/@babel/core/src/transformation/index.ts\u001b[2m:49:12)\u001b[22m\n          at run.next (<anonymous>)\n      \u001b[2mat transform (\u001b[22mnode_modules/@babel/core/src/transform.ts\u001b[2m:29:20)\u001b[22m\n          at transform.next (<anonymous>)\n      \u001b[2mat evaluateSync (\u001b[22mnode_modules/gensync/index.js\u001b[2m:251:28)\u001b[22m\n      \u001b[2mat sync (\u001b[22mnode_modules/gensync/index.js\u001b[2m:89:14)\u001b[22m\n      \u001b[2mat fn (\u001b[22mnode_modules/@babel/core/src/errors/rewrite-stack-trace.ts\u001b[2m:99:14)\u001b[22m\n      \u001b[2mat transformSync (\u001b[22mnode_modules/@babel/core/src/transform.ts\u001b[2m:66:52)\u001b[22m\n      \u001b[2mat ScriptTransformer.transformSource (\u001b[22mnode_modules/@jest/transform/build/index.js\u001b[2m:422:31)\u001b[22m\n      \u001b[2mat ScriptTransformer._transformAndBuildScript (\u001b[22mnode_modules/@jest/transform/build/index.js\u001b[2m:519:40)\u001b[22m\n      \u001b[2mat ScriptTransformer.transform (\u001b[22mnode_modules/@jest/transform/build/index.js\u001b[2m:558:19)\u001b[22m\n","name":"C:\\Users\\rdmun\\OneDrive\\Documentos\\react-mil-sabores\\src\\pages\\CheckoutPage.successFlow.test.jsx","startTime":1761252028637,"status":"failed","summary":""},{"assertionResults":[{"ancestorTitles":["CartPage - remover item recalcula totales y persiste"],"duration":92,"failing":false,"failureDetails":[],"failureMessages":[],"fullName":"CartPage - remover item recalcula totales y persiste al remover un item, el total baja y localStorage se actualiza","invocations":1,"location":null,"numPassingAsserts":5,"retryReasons":[],"startAt":1761252028486,"status":"passed","title":"al remover un item, el total baja y localStorage se actualiza"}],"endTime":1761252028579,"message":"","name":"C:\\Users\\rdmun\\OneDrive\\Documentos\\react-mil-sabores\\src\\pages\\CartPage.remove.test.jsx","startTime":1761252028211,"status":"passed","summary":""},{"assertionResults":[{"ancestorTitles":["useCategorias"],"duration":81,"failing":false,"failureDetails":[],"failureMessages":[],"fullName":"useCategorias carga categorías desde Supabase y reemplaza el respaldo","invocations":1,"location":null,"numPassingAsserts":9,"retryReasons":[],"startAt":1761252028448,"status":"passed","title":"carga categorías desde Supabase y reemplaza el respaldo"},{"ancestorTitles":["useCategorias"],"duration":67,"failing":false,"failureDetails":[],"failureMessages":[],"fullName":"useCategorias si hay error, mantiene respaldo y setea errorCarga","invocations":1,"location":null,"numPassingAsserts":3,"retryReasons":[],"startAt":1761252028530,"status":"passed","title":"si hay error, mantiene respaldo y setea errorCarga"}],"endTime":1761252028598,"message":"","name":"C:\\Users\\rdmun\\OneDrive\\Documentos\\react-mil-sabores\\src\\hooks\\useCategorias.test.js","startTime":1761252028193,"status":"passed","summary":""}],"wasInterrupted":false}
